<?xml version="1.0" encoding="UTF-8"?>
<!-- Generated by org.testng.reporters.JUnitReportReporter -->
<testsuite hostname="IBM-PF3F1XKR" failures="0" tests="6" name="TestNG.GoogleTestDemo" time="16.707" errors="0" timestamp="22 Jun 2024 18:25:18 GMT" skipped="0">
  <testcase classname="TestNG.GoogleTestDemo" name="SendText" time="0.314"/>
  <testcase classname="TestNG.GoogleTestDemo" name="ATestGoogleSearch" time="8.514"/>
  <testcase classname="TestNG.GoogleTestDemo" name="ATestGoogleSearch" time="1.726"/>
  <testcase classname="TestNG.GoogleTestDemo" name="ATestGoogleSearch" time="1.802"/>
  <testcase classname="TestNG.GoogleTestDemo" name="ATestGoogleSearch" time="1.637"/>
  <testcase classname="TestNG.GoogleTestDemo" name="ATestGoogleSearch" time="2.714"/>
</testsuite> <!-- TestNG.GoogleTestDemo -->
