<?xml version="1.0" encoding="UTF-8"?>
<!-- Generated by org.testng.reporters.JUnitReportReporter -->
<testsuite hostname="IBM-PF3F1XKR" failures="0" tests="4" name="TestNG.SauceLab" time="35.376" errors="0" timestamp="22 Jun 2024 19:28:05 GMT" skipped="1">
  <testcase classname="TestNG.SauceLab" name="ATestloginsaucelab" time="9.259"/>
  <testcase classname="TestNG.SauceLab" name="ATestloginsaucelab" time="10.290"/>
  <testcase classname="TestNG.SauceLab" name="ATestloginsaucelab" time="15.827"/>
  <testcase classname="TestNG.SauceLab" name="addtoCart">
    <skipped/>
  </testcase> <!-- addtoCart -->
</testsuite> <!-- TestNG.SauceLab -->
